{"level":"warn","message":"Sun Aug 28 2022 12:24:44 GMT-0300 (hora estándar de Argentina) |  GET en / no implementado."}
{"level":"warn","message":"Sun Aug 28 2022 12:24:44 GMT-0300 (hora estándar de Argentina) |  GET en /login no implementado."}
{"level":"warn","message":"Sun Aug 28 2022 12:24:46 GMT-0300 (hora estándar de Argentina) |  GET en /favicon.ico no implementado."}
{"level":"warn","message":"Sun Aug 28 2022 12:24:49 GMT-0300 (hora estándar de Argentina) |  GET en /signup no implementado."}
{"level":"warn","message":"Sun Aug 28 2022 12:24:50 GMT-0300 (hora estándar de Argentina) |  GET en /favicon.ico no implementado."}
{"level":"warn","message":"Sun Aug 28 2022 12:25:00 GMT-0300 (hora estándar de Argentina) |  GET en /signup no implementado."}
{"level":"warn","message":"Sun Aug 28 2022 12:25:01 GMT-0300 (hora estándar de Argentina) |  GET en /favicon.ico no implementado."}
{"level":"warn","message":"Sun Aug 28 2022 12:27:44 GMT-0300 (hora estándar de Argentina) |  GET en /signup no implementado."}
{"level":"warn","message":"Sun Aug 28 2022 12:27:45 GMT-0300 (hora estándar de Argentina) |  GET en /favicon.ico no implementado."}
{"level":"warn","message":"Sun Aug 28 2022 12:29:28 GMT-0300 (hora estándar de Argentina) |  GET en /signup no implementado."}
{"level":"warn","message":"Sun Aug 28 2022 12:29:30 GMT-0300 (hora estándar de Argentina) |  GET en /dashboard no implementado."}
{"level":"warn","message":"Sun Aug 28 2022 12:29:30 GMT-0300 (hora estándar de Argentina) |  GET en / no implementado."}
{"level":"warn","message":"Sun Aug 28 2022 12:29:30 GMT-0300 (hora estándar de Argentina) |  GET en /productos no implementado."}
{"level":"warn","message":"Sun Aug 28 2022 12:29:32 GMT-0300 (hora estándar de Argentina) |  GET en /favicon.ico no implementado."}
{"level":"warn","message":"Sun Aug 28 2022 12:29:35 GMT-0300 (hora estándar de Argentina) |  GET en /logout no implementado."}
{"level":"warn","message":"Sun Aug 28 2022 12:29:35 GMT-0300 (hora estándar de Argentina) |  GET en /favicon.ico no implementado."}
{"level":"warn","message":"Sun Aug 28 2022 12:29:37 GMT-0300 (hora estándar de Argentina) |  GET en /signup no implementado."}
{"level":"warn","message":"Sun Aug 28 2022 12:29:38 GMT-0300 (hora estándar de Argentina) |  GET en /favicon.ico no implementado."}
{"level":"warn","message":"Sun Aug 28 2022 12:34:34 GMT-0300 (hora estándar de Argentina) |  GET en /signup no implementado."}
{"level":"warn","message":"Sun Aug 28 2022 12:34:34 GMT-0300 (hora estándar de Argentina) |  GET en /favicon.ico no implementado."}
{"level":"warn","message":"Sun Aug 28 2022 12:35:02 GMT-0300 (hora estándar de Argentina) |  GET en /dashboard no implementado."}
{"level":"warn","message":"Sun Aug 28 2022 12:35:02 GMT-0300 (hora estándar de Argentina) |  GET en / no implementado."}
{"level":"warn","message":"Sun Aug 28 2022 12:35:02 GMT-0300 (hora estándar de Argentina) |  GET en /productos no implementado."}
{"level":"warn","message":"Sun Aug 28 2022 12:35:03 GMT-0300 (hora estándar de Argentina) |  GET en /favicon.ico no implementado."}
{"level":"warn","message":"Sun Aug 28 2022 12:42:08 GMT-0300 (hora estándar de Argentina) |  GET en /logout no implementado."}
{"level":"warn","message":"Sun Aug 28 2022 12:42:08 GMT-0300 (hora estándar de Argentina) |  GET en /favicon.ico no implementado."}
{"level":"warn","message":"Sun Aug 28 2022 12:42:10 GMT-0300 (hora estándar de Argentina) |  GET en /signup no implementado."}
{"level":"warn","message":"Sun Aug 28 2022 12:42:10 GMT-0300 (hora estándar de Argentina) |  GET en /favicon.ico no implementado."}
{"level":"warn","message":"Sun Aug 28 2022 12:43:31 GMT-0300 (hora estándar de Argentina) |  GET en /signup no implementado."}
{"level":"warn","message":"Sun Aug 28 2022 12:43:31 GMT-0300 (hora estándar de Argentina) |  GET en /favicon.ico no implementado."}
{"level":"warn","message":"Sun Aug 28 2022 12:43:35 GMT-0300 (hora estándar de Argentina) |  GET en /signup no implementado."}
{"level":"warn","message":"Sun Aug 28 2022 12:43:36 GMT-0300 (hora estándar de Argentina) |  GET en /favicon.ico no implementado."}
{"level":"warn","message":"Sun Aug 28 2022 12:44:59 GMT-0300 (hora estándar de Argentina) |  GET en /signup no implementado."}
{"level":"warn","message":"Sun Aug 28 2022 12:44:59 GMT-0300 (hora estándar de Argentina) |  GET en /favicon.ico no implementado."}
{"level":"warn","message":"Sun Aug 28 2022 12:45:57 GMT-0300 (hora estándar de Argentina) |  GET en /signup no implementado."}
{"level":"warn","message":"Sun Aug 28 2022 12:45:57 GMT-0300 (hora estándar de Argentina) |  GET en /favicon.ico no implementado."}
{"level":"warn","message":"Sun Aug 28 2022 12:47:33 GMT-0300 (hora estándar de Argentina) |  GET en /signup no implementado."}
{"level":"warn","message":"Sun Aug 28 2022 12:47:34 GMT-0300 (hora estándar de Argentina) |  GET en /favicon.ico no implementado."}
{"level":"warn","message":"Sun Aug 28 2022 12:48:20 GMT-0300 (hora estándar de Argentina) |  GET en /dashboard no implementado."}
{"level":"warn","message":"Sun Aug 28 2022 12:48:20 GMT-0300 (hora estándar de Argentina) |  GET en / no implementado."}
{"level":"warn","message":"Sun Aug 28 2022 12:48:20 GMT-0300 (hora estándar de Argentina) |  GET en /productos no implementado."}
{"level":"warn","message":"Sun Aug 28 2022 12:48:21 GMT-0300 (hora estándar de Argentina) |  GET en /favicon.ico no implementado."}
{"level":"warn","message":"Sun Aug 28 2022 12:48:32 GMT-0300 (hora estándar de Argentina) |  GET en /logout no implementado."}
{"level":"warn","message":"Sun Aug 28 2022 12:48:32 GMT-0300 (hora estándar de Argentina) |  GET en /favicon.ico no implementado."}
{"level":"warn","message":"Sun Aug 28 2022 12:48:33 GMT-0300 (hora estándar de Argentina) |  GET en /login no implementado."}
{"level":"warn","message":"Sun Aug 28 2022 12:48:34 GMT-0300 (hora estándar de Argentina) |  GET en /favicon.ico no implementado."}
{"level":"warn","message":"Sun Aug 28 2022 12:48:36 GMT-0300 (hora estándar de Argentina) |  GET en /login no implementado."}
{"level":"warn","message":"Sun Aug 28 2022 12:48:37 GMT-0300 (hora estándar de Argentina) |  GET en /favicon.ico no implementado."}
