{"level":"error","message":"TypeError: ProductosFakerDAO is not a constructor\n    at fakerProductosService (C:\\Users\\u632496\\coderhouse\\node\\node\\entregable_mejoras-api\\services\\productos.service.js:15:12)\n    at HBSfakerProductosController (C:\\Users\\u632496\\coderhouse\\node\\node\\entregable_mejoras-api\\controllers\\productos.controller.js:22:15)\n    at Layer.handle [as handle_request] (C:\\Users\\u632496\\coderhouse\\node\\node\\entregable_mejoras-api\\node_modules\\express\\lib\\router\\layer.js:95:5)\n    at next (C:\\Users\\u632496\\coderhouse\\node\\node\\entregable_mejoras-api\\node_modules\\express\\lib\\router\\route.js:144:13)\n    at Route.dispatch (C:\\Users\\u632496\\coderhouse\\node\\node\\entregable_mejoras-api\\node_modules\\express\\lib\\router\\route.js:114:3)\n    at Layer.handle [as handle_request] (C:\\Users\\u632496\\coderhouse\\node\\node\\entregable_mejoras-api\\node_modules\\express\\lib\\router\\layer.js:95:5)\n    at C:\\Users\\u632496\\coderhouse\\node\\node\\entregable_mejoras-api\\node_modules\\express\\lib\\router\\index.js:284:15\n    at Function.process_params (C:\\Users\\u632496\\coderhouse\\node\\node\\entregable_mejoras-api\\node_modules\\express\\lib\\router\\index.js:346:12)\n    at next (C:\\Users\\u632496\\coderhouse\\node\\node\\entregable_mejoras-api\\node_modules\\express\\lib\\router\\index.js:280:10)\n    at Function.handle (C:\\Users\\u632496\\coderhouse\\node\\node\\entregable_mejoras-api\\node_modules\\express\\lib\\router\\index.js:175:3)"}
{"level":"error","message":"TypeError: ProductosFakerDAO is not a constructor\n    at fakerProductosService (C:\\Users\\u632496\\coderhouse\\node\\node\\entregable_mejoras-api\\services\\productos.service.js:15:12)\n    at EJSfakerProductosController (C:\\Users\\u632496\\coderhouse\\node\\node\\entregable_mejoras-api\\controllers\\productos.controller.js:33:15)\n    at Layer.handle [as handle_request] (C:\\Users\\u632496\\coderhouse\\node\\node\\entregable_mejoras-api\\node_modules\\express\\lib\\router\\layer.js:95:5)\n    at next (C:\\Users\\u632496\\coderhouse\\node\\node\\entregable_mejoras-api\\node_modules\\express\\lib\\router\\route.js:144:13)\n    at Route.dispatch (C:\\Users\\u632496\\coderhouse\\node\\node\\entregable_mejoras-api\\node_modules\\express\\lib\\router\\route.js:114:3)\n    at Layer.handle [as handle_request] (C:\\Users\\u632496\\coderhouse\\node\\node\\entregable_mejoras-api\\node_modules\\express\\lib\\router\\layer.js:95:5)\n    at C:\\Users\\u632496\\coderhouse\\node\\node\\entregable_mejoras-api\\node_modules\\express\\lib\\router\\index.js:284:15\n    at Function.process_params (C:\\Users\\u632496\\coderhouse\\node\\node\\entregable_mejoras-api\\node_modules\\express\\lib\\router\\index.js:346:12)\n    at next (C:\\Users\\u632496\\coderhouse\\node\\node\\entregable_mejoras-api\\node_modules\\express\\lib\\router\\index.js:280:10)\n    at Function.handle (C:\\Users\\u632496\\coderhouse\\node\\node\\entregable_mejoras-api\\node_modules\\express\\lib\\router\\index.js:175:3)"}
{"level":"error","message":"TypeError: ProductosFakerDAO is not a constructor\n    at fakerProductosService (C:\\Users\\u632496\\coderhouse\\node\\node\\entregable_mejoras-api\\services\\productos.service.js:15:12)\n    at PUGfakerProductosController (C:\\Users\\u632496\\coderhouse\\node\\node\\entregable_mejoras-api\\controllers\\productos.controller.js:27:15)\n    at Layer.handle [as handle_request] (C:\\Users\\u632496\\coderhouse\\node\\node\\entregable_mejoras-api\\node_modules\\express\\lib\\router\\layer.js:95:5)\n    at next (C:\\Users\\u632496\\coderhouse\\node\\node\\entregable_mejoras-api\\node_modules\\express\\lib\\router\\route.js:144:13)\n    at Route.dispatch (C:\\Users\\u632496\\coderhouse\\node\\node\\entregable_mejoras-api\\node_modules\\express\\lib\\router\\route.js:114:3)\n    at Layer.handle [as handle_request] (C:\\Users\\u632496\\coderhouse\\node\\node\\entregable_mejoras-api\\node_modules\\express\\lib\\router\\layer.js:95:5)\n    at C:\\Users\\u632496\\coderhouse\\node\\node\\entregable_mejoras-api\\node_modules\\express\\lib\\router\\index.js:284:15\n    at Function.process_params (C:\\Users\\u632496\\coderhouse\\node\\node\\entregable_mejoras-api\\node_modules\\express\\lib\\router\\index.js:346:12)\n    at next (C:\\Users\\u632496\\coderhouse\\node\\node\\entregable_mejoras-api\\node_modules\\express\\lib\\router\\index.js:280:10)\n    at Function.handle (C:\\Users\\u632496\\coderhouse\\node\\node\\entregable_mejoras-api\\node_modules\\express\\lib\\router\\index.js:175:3)"}
{"level":"error","message":"TypeError: ProductosFakerDAO is not a constructor\n    at fakerProductosService (C:\\Users\\u632496\\coderhouse\\node\\node\\entregable_mejoras-api\\services\\productos.service.js:15:12)\n    at EJSfakerProductosController (C:\\Users\\u632496\\coderhouse\\node\\node\\entregable_mejoras-api\\controllers\\productos.controller.js:33:15)\n    at Layer.handle [as handle_request] (C:\\Users\\u632496\\coderhouse\\node\\node\\entregable_mejoras-api\\node_modules\\express\\lib\\router\\layer.js:95:5)\n    at next (C:\\Users\\u632496\\coderhouse\\node\\node\\entregable_mejoras-api\\node_modules\\express\\lib\\router\\route.js:144:13)\n    at Route.dispatch (C:\\Users\\u632496\\coderhouse\\node\\node\\entregable_mejoras-api\\node_modules\\express\\lib\\router\\route.js:114:3)\n    at Layer.handle [as handle_request] (C:\\Users\\u632496\\coderhouse\\node\\node\\entregable_mejoras-api\\node_modules\\express\\lib\\router\\layer.js:95:5)\n    at C:\\Users\\u632496\\coderhouse\\node\\node\\entregable_mejoras-api\\node_modules\\express\\lib\\router\\index.js:284:15\n    at Function.process_params (C:\\Users\\u632496\\coderhouse\\node\\node\\entregable_mejoras-api\\node_modules\\express\\lib\\router\\index.js:346:12)\n    at next (C:\\Users\\u632496\\coderhouse\\node\\node\\entregable_mejoras-api\\node_modules\\express\\lib\\router\\index.js:280:10)\n    at Function.handle (C:\\Users\\u632496\\coderhouse\\node\\node\\entregable_mejoras-api\\node_modules\\express\\lib\\router\\index.js:175:3)"}
{"level":"error","message":"TypeError: ProductosFakerDAO is not a constructor\n    at fakerProductosService (C:\\Users\\u632496\\coderhouse\\node\\node\\entregable_mejoras-api\\services\\productos.service.js:15:12)\n    at EJSfakerProductosController (C:\\Users\\u632496\\coderhouse\\node\\node\\entregable_mejoras-api\\controllers\\productos.controller.js:33:15)\n    at Layer.handle [as handle_request] (C:\\Users\\u632496\\coderhouse\\node\\node\\entregable_mejoras-api\\node_modules\\express\\lib\\router\\layer.js:95:5)\n    at next (C:\\Users\\u632496\\coderhouse\\node\\node\\entregable_mejoras-api\\node_modules\\express\\lib\\router\\route.js:144:13)\n    at Route.dispatch (C:\\Users\\u632496\\coderhouse\\node\\node\\entregable_mejoras-api\\node_modules\\express\\lib\\router\\route.js:114:3)\n    at Layer.handle [as handle_request] (C:\\Users\\u632496\\coderhouse\\node\\node\\entregable_mejoras-api\\node_modules\\express\\lib\\router\\layer.js:95:5)\n    at C:\\Users\\u632496\\coderhouse\\node\\node\\entregable_mejoras-api\\node_modules\\express\\lib\\router\\index.js:284:15\n    at Function.process_params (C:\\Users\\u632496\\coderhouse\\node\\node\\entregable_mejoras-api\\node_modules\\express\\lib\\router\\index.js:346:12)\n    at next (C:\\Users\\u632496\\coderhouse\\node\\node\\entregable_mejoras-api\\node_modules\\express\\lib\\router\\index.js:280:10)\n    at Function.handle (C:\\Users\\u632496\\coderhouse\\node\\node\\entregable_mejoras-api\\node_modules\\express\\lib\\router\\index.js:175:3)"}
{"level":"error","message":"TypeError: ProductosFakerDAO is not a constructor\n    at fakerProductosService (C:\\Users\\u632496\\coderhouse\\node\\node\\entregable_mejoras-api\\services\\productos.service.js:15:12)\n    at HBSfakerProductosController (C:\\Users\\u632496\\coderhouse\\node\\node\\entregable_mejoras-api\\controllers\\productos.controller.js:22:15)\n    at Layer.handle [as handle_request] (C:\\Users\\u632496\\coderhouse\\node\\node\\entregable_mejoras-api\\node_modules\\express\\lib\\router\\layer.js:95:5)\n    at next (C:\\Users\\u632496\\coderhouse\\node\\node\\entregable_mejoras-api\\node_modules\\express\\lib\\router\\route.js:144:13)\n    at Route.dispatch (C:\\Users\\u632496\\coderhouse\\node\\node\\entregable_mejoras-api\\node_modules\\express\\lib\\router\\route.js:114:3)\n    at Layer.handle [as handle_request] (C:\\Users\\u632496\\coderhouse\\node\\node\\entregable_mejoras-api\\node_modules\\express\\lib\\router\\layer.js:95:5)\n    at C:\\Users\\u632496\\coderhouse\\node\\node\\entregable_mejoras-api\\node_modules\\express\\lib\\router\\index.js:284:15\n    at Function.process_params (C:\\Users\\u632496\\coderhouse\\node\\node\\entregable_mejoras-api\\node_modules\\express\\lib\\router\\index.js:346:12)\n    at next (C:\\Users\\u632496\\coderhouse\\node\\node\\entregable_mejoras-api\\node_modules\\express\\lib\\router\\index.js:280:10)\n    at Function.handle (C:\\Users\\u632496\\coderhouse\\node\\node\\entregable_mejoras-api\\node_modules\\express\\lib\\router\\index.js:175:3)"}
{"level":"error","message":"TypeError: ProductosFakerDAO is not a constructor\n    at fakerProductosService (C:\\Users\\u632496\\coderhouse\\node\\node\\entregable_mejoras-api\\services\\productos.service.js:15:12)\n    at PUGfakerProductosController (C:\\Users\\u632496\\coderhouse\\node\\node\\entregable_mejoras-api\\controllers\\productos.controller.js:27:15)\n    at Layer.handle [as handle_request] (C:\\Users\\u632496\\coderhouse\\node\\node\\entregable_mejoras-api\\node_modules\\express\\lib\\router\\layer.js:95:5)\n    at next (C:\\Users\\u632496\\coderhouse\\node\\node\\entregable_mejoras-api\\node_modules\\express\\lib\\router\\route.js:144:13)\n    at Route.dispatch (C:\\Users\\u632496\\coderhouse\\node\\node\\entregable_mejoras-api\\node_modules\\express\\lib\\router\\route.js:114:3)\n    at Layer.handle [as handle_request] (C:\\Users\\u632496\\coderhouse\\node\\node\\entregable_mejoras-api\\node_modules\\express\\lib\\router\\layer.js:95:5)\n    at C:\\Users\\u632496\\coderhouse\\node\\node\\entregable_mejoras-api\\node_modules\\express\\lib\\router\\index.js:284:15\n    at Function.process_params (C:\\Users\\u632496\\coderhouse\\node\\node\\entregable_mejoras-api\\node_modules\\express\\lib\\router\\index.js:346:12)\n    at next (C:\\Users\\u632496\\coderhouse\\node\\node\\entregable_mejoras-api\\node_modules\\express\\lib\\router\\index.js:280:10)\n    at Function.handle (C:\\Users\\u632496\\coderhouse\\node\\node\\entregable_mejoras-api\\node_modules\\express\\lib\\router\\index.js:175:3)"}
{"level":"error","message":"TypeError: ProductosFakerDAO is not a constructor\n    at fakerProductosService (C:\\Users\\u632496\\coderhouse\\node\\node\\entregable_mejoras-api\\services\\productos.service.js:15:12)\n    at HBSfakerProductosController (C:\\Users\\u632496\\coderhouse\\node\\node\\entregable_mejoras-api\\controllers\\productos.controller.js:22:15)\n    at Layer.handle [as handle_request] (C:\\Users\\u632496\\coderhouse\\node\\node\\entregable_mejoras-api\\node_modules\\express\\lib\\router\\layer.js:95:5)\n    at next (C:\\Users\\u632496\\coderhouse\\node\\node\\entregable_mejoras-api\\node_modules\\express\\lib\\router\\route.js:144:13)\n    at Route.dispatch (C:\\Users\\u632496\\coderhouse\\node\\node\\entregable_mejoras-api\\node_modules\\express\\lib\\router\\route.js:114:3)\n    at Layer.handle [as handle_request] (C:\\Users\\u632496\\coderhouse\\node\\node\\entregable_mejoras-api\\node_modules\\express\\lib\\router\\layer.js:95:5)\n    at C:\\Users\\u632496\\coderhouse\\node\\node\\entregable_mejoras-api\\node_modules\\express\\lib\\router\\index.js:284:15\n    at Function.process_params (C:\\Users\\u632496\\coderhouse\\node\\node\\entregable_mejoras-api\\node_modules\\express\\lib\\router\\index.js:346:12)\n    at next (C:\\Users\\u632496\\coderhouse\\node\\node\\entregable_mejoras-api\\node_modules\\express\\lib\\router\\index.js:280:10)\n    at Function.handle (C:\\Users\\u632496\\coderhouse\\node\\node\\entregable_mejoras-api\\node_modules\\express\\lib\\router\\index.js:175:3)"}
{"level":"error","message":"TypeError: ProductosFakerDAO is not a constructor\n    at fakerProductosService (C:\\Users\\u632496\\coderhouse\\node\\node\\entregable_mejoras-api\\services\\productos.service.js:15:12)\n    at PUGfakerProductosController (C:\\Users\\u632496\\coderhouse\\node\\node\\entregable_mejoras-api\\controllers\\productos.controller.js:27:15)\n    at Layer.handle [as handle_request] (C:\\Users\\u632496\\coderhouse\\node\\node\\entregable_mejoras-api\\node_modules\\express\\lib\\router\\layer.js:95:5)\n    at next (C:\\Users\\u632496\\coderhouse\\node\\node\\entregable_mejoras-api\\node_modules\\express\\lib\\router\\route.js:144:13)\n    at Route.dispatch (C:\\Users\\u632496\\coderhouse\\node\\node\\entregable_mejoras-api\\node_modules\\express\\lib\\router\\route.js:114:3)\n    at Layer.handle [as handle_request] (C:\\Users\\u632496\\coderhouse\\node\\node\\entregable_mejoras-api\\node_modules\\express\\lib\\router\\layer.js:95:5)\n    at C:\\Users\\u632496\\coderhouse\\node\\node\\entregable_mejoras-api\\node_modules\\express\\lib\\router\\index.js:284:15\n    at Function.process_params (C:\\Users\\u632496\\coderhouse\\node\\node\\entregable_mejoras-api\\node_modules\\express\\lib\\router\\index.js:346:12)\n    at next (C:\\Users\\u632496\\coderhouse\\node\\node\\entregable_mejoras-api\\node_modules\\express\\lib\\router\\index.js:280:10)\n    at Function.handle (C:\\Users\\u632496\\coderhouse\\node\\node\\entregable_mejoras-api\\node_modules\\express\\lib\\router\\index.js:175:3)"}
{"level":"error","message":"MongooseError: Operation `users.findOne()` buffering timed out after 10000ms\n    at Timeout.<anonymous> (C:\\Users\\u632496\\coderhouse\\node\\node\\entregable_mejoras-api\\node_modules\\mongoose\\lib\\drivers\\node-mongodb-native\\collection.js:151:23)\n    at listOnTimeout (node:internal/timers:564:17)\n    at process.processTimers (node:internal/timers:507:7)"}
{"level":"error","message":"MongooseError: Operation `users.findOne()` buffering timed out after 10000ms\n    at Timeout.<anonymous> (C:\\Users\\u632496\\coderhouse\\node\\node\\entregable_mejoras-api\\node_modules\\mongoose\\lib\\drivers\\node-mongodb-native\\collection.js:151:23)\n    at listOnTimeout (node:internal/timers:564:17)\n    at process.processTimers (node:internal/timers:507:7)"}
{"level":"error","message":"MongooseError: Operation `users.findOne()` buffering timed out after 10000ms\n    at Timeout.<anonymous> (C:\\Users\\u632496\\coderhouse\\node\\node\\entregable_mejoras-api\\node_modules\\mongoose\\lib\\drivers\\node-mongodb-native\\collection.js:151:23)\n    at listOnTimeout (node:internal/timers:564:17)\n    at process.processTimers (node:internal/timers:507:7)"}
{"level":"error","message":"MongooseError: Operation `users.findOne()` buffering timed out after 10000ms\n    at Timeout.<anonymous> (C:\\Users\\u632496\\coderhouse\\node\\node\\entregable_mejoras-api\\node_modules\\mongoose\\lib\\drivers\\node-mongodb-native\\collection.js:151:23)\n    at listOnTimeout (node:internal/timers:564:17)\n    at process.processTimers (node:internal/timers:507:7)"}
{"level":"error","message":"MongooseError: Operation `users.findOne()` buffering timed out after 10000ms\n    at Timeout.<anonymous> (C:\\Users\\u632496\\coderhouse\\node\\node\\entregable_mejoras-api\\node_modules\\mongoose\\lib\\drivers\\node-mongodb-native\\collection.js:151:23)\n    at listOnTimeout (node:internal/timers:564:17)\n    at process.processTimers (node:internal/timers:507:7)"}
{"level":"error","message":"MongooseError: Operation `users.findOne()` buffering timed out after 10000ms\n    at Timeout.<anonymous> (C:\\Users\\u632496\\coderhouse\\node\\node\\entregable_mejoras-api\\node_modules\\mongoose\\lib\\drivers\\node-mongodb-native\\collection.js:151:23)\n    at listOnTimeout (node:internal/timers:564:17)\n    at process.processTimers (node:internal/timers:507:7)"}
{"level":"error","message":"MongooseError: Operation `users.findOne()` buffering timed out after 10000ms\n    at Timeout.<anonymous> (C:\\Users\\u632496\\coderhouse\\node\\node\\entregable_mejoras-api\\node_modules\\mongoose\\lib\\drivers\\node-mongodb-native\\collection.js:151:23)\n    at listOnTimeout (node:internal/timers:564:17)\n    at process.processTimers (node:internal/timers:507:7)"}
{"level":"error","message":"MongooseError: Operation `users.findOne()` buffering timed out after 10000ms\n    at Timeout.<anonymous> (C:\\Users\\u632496\\coderhouse\\node\\node\\entregable_mejoras-api\\node_modules\\mongoose\\lib\\drivers\\node-mongodb-native\\collection.js:151:23)\n    at listOnTimeout (node:internal/timers:564:17)\n    at process.processTimers (node:internal/timers:507:7)"}
{"level":"error","message":"No se pudo ejecutar: TypeError: Cannot read properties of undefined (reading 'collection')"}
{"level":"error","message":"No se pudo ejecutar: TypeError: Cannot read properties of undefined (reading 'collection')"}
{"level":"error","message":"No se pudo ejecutar: TypeError: Cannot read properties of undefined (reading 'collection')"}
{"level":"error","message":"No se pudo ejecutar: TypeError: Cannot read properties of undefined (reading 'collection')"}
{"level":"error","message":"No se pudo ejecutar: TypeError: Cannot read properties of undefined (reading 'collection')"}
{"level":"error","message":"No se pudo ejecutar: TypeError: Cannot read properties of undefined (reading 'collection')"}
{"level":"error","message":"No se pudo ejecutar: TypeError: Cannot read properties of undefined (reading 'collection')"}
{"level":"error","message":"No se pudo ejecutar: TypeError: Cannot read properties of undefined (reading 'collection')"}
{"level":"error","message":"No se pudo ejecutar: TypeError: Cannot read properties of undefined (reading 'collection')"}
{"level":"error","message":"No se pudo ejecutar: TypeError: Cannot read properties of undefined (reading 'collection')"}
{"level":"error","message":"No se pudo ejecutar: TypeError: Cannot read properties of undefined (reading 'collection')"}
{"level":"error","message":"No se pudo ejecutar: TypeError: Cannot read properties of undefined (reading 'collection')"}
{"level":"error","message":"No se pudo ejecutar: TypeError: Cannot read properties of undefined (reading 'collection')"}
{"level":"error","message":"No se pudo ejecutar: TypeError: Cannot read properties of undefined (reading 'collection')"}
{"level":"error","message":"No se pudo ejecutar: TypeError: Cannot read properties of undefined (reading 'collection')"}
{"level":"error","message":"No se pudo ejecutar: TypeError: Cannot read properties of undefined (reading 'collection')"}
{"level":"error","message":"No se pudo ejecutar: TypeError: Cannot read properties of undefined (reading 'collection')"}
{"level":"error","message":"No se pudo ejecutar: TypeError: Cannot read properties of undefined (reading 'collection')"}
{"level":"error","message":"No se pudo ejecutar: TypeError: Cannot read properties of undefined (reading 'collection')"}
{"level":"error","message":"No se pudo ejecutar: TypeError: Cannot read properties of undefined (reading 'collection')"}
{"level":"error","message":"No se pudo ejecutar: TypeError: Cannot read properties of undefined (reading 'collection')"}
{"level":"error","message":"No se pudo ejecutar: TypeError: Cannot read properties of undefined (reading 'collection')"}
{"level":"error","message":"No se pudo ejecutar: TypeError: Cannot read properties of undefined (reading 'collection')"}
{"level":"error","message":"No se pudo ejecutar: TypeError: Cannot read properties of undefined (reading 'collection')"}
{"level":"error","message":"No se pudo ejecutar: TypeError: Cannot read properties of undefined (reading 'collection')"}
{"level":"error","message":"No se pudo ejecutar: TypeError: Cannot read properties of undefined (reading 'collection')"}
{"level":"error","message":"No se pudo ejecutar: TypeError: Cannot read properties of undefined (reading 'collection')"}
{"level":"error","message":"No se pudo ejecutar: TypeError: Cannot read properties of undefined (reading 'collection')"}
{"level":"error","message":"No se pudo ejecutar: TypeError: Cannot read properties of undefined (reading 'collection')"}
{"level":"error","message":"No se pudo ejecutar: TypeError: Cannot read properties of undefined (reading 'collection')"}
{"level":"error","message":"No se pudo ejecutar: TypeError: Cannot read properties of undefined (reading 'collection')"}
{"level":"error","message":"No se pudo ejecutar: TypeError: Cannot read properties of undefined (reading 'collection')"}
{"level":"error","message":"No se pudo ejecutar: TypeError: Cannot read properties of undefined (reading 'collection')"}
{"level":"error","message":"No se pudo ejecutar: TypeError: Cannot read properties of undefined (reading 'collection')"}
{"level":"error","message":"No se pudo ejecutar: TypeError: Cannot read properties of undefined (reading 'collection')"}
{"level":"error","message":"No se pudo ejecutar: TypeError: Cannot read properties of undefined (reading 'collection')"}
{"level":"error","message":"No se pudo ejecutar: TypeError: Cannot read properties of undefined (reading 'collection')"}
{"level":"error","message":"No se pudo ejecutar: TypeError: Cannot read properties of undefined (reading 'collection')"}
{"level":"error","message":"No se pudo ejecutar: TypeError: Cannot read properties of undefined (reading 'collection')"}
{"level":"error","message":"No se pudo ejecutar: TypeError: Cannot read properties of undefined (reading 'collection')"}
{"level":"error","message":"No se pudo ejecutar: TypeError: Cannot read properties of undefined (reading 'collection')"}
{"level":"error","message":"No se pudo ejecutar: TypeError: Cannot read properties of undefined (reading 'collection')"}
{"level":"error","message":"No se pudo ejecutar: TypeError: Cannot read properties of undefined (reading 'collection')"}
{"level":"error","message":"No se pudo ejecutar: TypeError: Cannot read properties of undefined (reading 'collection')"}
{"level":"error","message":"No se pudo ejecutar: TypeError: Cannot read properties of undefined (reading 'collection')"}
{"level":"error","message":"No se pudo ejecutar: TypeError: Cannot read properties of undefined (reading 'collection')"}
{"level":"error","message":"No se pudo ejecutar: TypeError: Cannot read properties of undefined (reading 'collection')"}
{"level":"error","message":"No se pudo ejecutar: TypeError: Cannot read properties of undefined (reading 'collection')"}
{"level":"error","message":"No se pudo ejecutar: TypeError: Cannot read properties of undefined (reading 'collection')"}
{"level":"error","message":"No se pudo ejecutar: TypeError: Cannot read properties of undefined (reading 'collection')"}
{"level":"error","message":"No se pudo ejecutar: TypeError: Cannot read properties of undefined (reading 'collection')"}
{"level":"error","message":"No se pudo ejecutar: TypeError: Cannot read properties of undefined (reading 'collection')"}
{"level":"error","message":"No se pudo ejecutar: TypeError: Cannot read properties of undefined (reading 'collection')"}
{"level":"error","message":"No se pudo ejecutar: TypeError: Cannot read properties of undefined (reading 'collection')"}
{"level":"error","message":"No se pudo ejecutar: TypeError: Cannot read properties of undefined (reading 'collection')"}
{"level":"error","message":"No se pudo ejecutar: TypeError: Cannot read properties of undefined (reading 'collection')"}
{"level":"error","message":"No se pudo ejecutar: TypeError: Cannot read properties of undefined (reading 'collection')"}
{"level":"error","message":"No se pudo ejecutar: TypeError: Cannot read properties of undefined (reading 'collection')"}
{"level":"error","message":"No se pudo ejecutar: TypeError: Cannot read properties of undefined (reading 'collection')"}
{"level":"error","message":"No se pudo ejecutar: TypeError: Cannot read properties of undefined (reading 'collection')"}
{"level":"error","message":"No se pudo ejecutar: TypeError: Cannot read properties of undefined (reading 'collection')"}
{"level":"error","message":"No se pudo ejecutar: TypeError: Cannot read properties of undefined (reading 'collection')"}
{"level":"error","message":"No se pudo ejecutar: TypeError: Cannot read properties of undefined (reading 'collection')"}
{"level":"error","message":"No se pudo ejecutar: TypeError: Cannot read properties of undefined (reading 'collection')"}
{"level":"error","message":"No se pudo ejecutar: TypeError: Cannot read properties of undefined (reading 'collection')"}
{"level":"error","message":"No se pudo ejecutar: TypeError: Cannot read properties of undefined (reading 'collection')"}
{"level":"error","message":"No se pudo ejecutar: TypeError: Cannot read properties of undefined (reading 'collection')"}
{"level":"error","message":"No se pudo ejecutar: TypeError: Cannot read properties of undefined (reading 'collection')"}
{"level":"error","message":"No se pudo ejecutar: TypeError: Cannot read properties of undefined (reading 'collection')"}
{"level":"error","message":"No se pudo ejecutar: TypeError: Cannot read properties of undefined (reading 'collection')"}
{"level":"error","message":"No se pudo ejecutar: TypeError: Cannot read properties of undefined (reading 'collection')"}
{"level":"error","message":"No se pudo ejecutar: TypeError: Cannot read properties of undefined (reading 'collection')"}
{"level":"error","message":"No se pudo ejecutar: TypeError: Cannot read properties of undefined (reading 'collection')"}
{"level":"error","message":"No se pudo ejecutar: TypeError: Cannot read properties of undefined (reading 'collection')"}
{"level":"error","message":"No se pudo ejecutar: TypeError: Cannot read properties of undefined (reading 'collection')"}
{"level":"error","message":"No se pudo ejecutar: TypeError: Cannot read properties of undefined (reading 'collection')"}
{"level":"error","message":"No se pudo ejecutar: TypeError: Cannot read properties of undefined (reading 'collection')"}
{"level":"error","message":"No se pudo ejecutar: TypeError: Cannot read properties of undefined (reading 'collection')"}
{"level":"error","message":"No se pudo ejecutar: TypeError: Cannot read properties of undefined (reading 'collection')"}
{"level":"error","message":"No se pudo ejecutar: TypeError: Cannot read properties of undefined (reading 'collection')"}
{"level":"error","message":"No se pudo ejecutar: TypeError: Cannot read properties of undefined (reading 'collection')"}
{"level":"error","message":"No se pudo ejecutar: TypeError: Cannot read properties of undefined (reading 'collection')"}
{"level":"error","message":"No se pudo ejecutar: TypeError: Cannot read properties of undefined (reading 'collection')"}
{"level":"error","message":"No se pudo ejecutar: TypeError: Cannot read properties of undefined (reading 'collection')"}
{"level":"error","message":"No se pudo ejecutar: TypeError: Cannot read properties of undefined (reading 'collection')"}
{"level":"error","message":"No se pudo ejecutar: TypeError: Cannot read properties of undefined (reading 'collection')"}
{"level":"error","message":"No se pudo ejecutar: TypeError: Cannot read properties of undefined (reading 'collection')"}
{"level":"error","message":"No se pudo ejecutar: TypeError: Cannot read properties of undefined (reading 'collection')"}
{"level":"error","message":"No se pudo ejecutar: TypeError: Cannot read properties of undefined (reading 'collection')"}
{"level":"error","message":"No se pudo ejecutar: TypeError: Cannot read properties of undefined (reading 'collection')"}
{"level":"error","message":"No se pudo ejecutar: TypeError: Cannot read properties of undefined (reading 'collection')"}
{"level":"error","message":"No se pudo ejecutar: TypeError: Cannot read properties of undefined (reading 'collection')"}
{"level":"error","message":"No se pudo ejecutar: TypeError: Cannot read properties of undefined (reading 'collection')"}
{"level":"error","message":"No se pudo ejecutar: TypeError: Cannot read properties of undefined (reading 'collection')"}
{"level":"error","message":"No se pudo ejecutar: TypeError: Cannot read properties of undefined (reading 'collection')"}
{"level":"error","message":"No se pudo ejecutar: TypeError: Cannot read properties of undefined (reading 'collection')"}
{"level":"error","message":"No se pudo ejecutar: TypeError: Cannot read properties of undefined (reading 'collection')"}
{"level":"error","message":"No se pudo ejecutar: TypeError: Cannot read properties of undefined (reading 'collection')"}
{"level":"error","message":"No se pudo ejecutar: TypeError: Cannot read properties of undefined (reading 'collection')"}
{"level":"error","message":"No se pudo ejecutar: TypeError: Cannot read properties of undefined (reading 'collection')"}
{"level":"error","message":"No se pudo ejecutar: TypeError: Cannot read properties of undefined (reading 'collection')"}
{"level":"error","message":"No se pudo ejecutar: TypeError: Cannot read properties of undefined (reading 'collection')"}
{"level":"error","message":"No se pudo ejecutar: TypeError: Cannot read properties of undefined (reading 'collection')"}
{"level":"error","message":"No se pudo ejecutar: TypeError: Cannot read properties of undefined (reading 'collection')"}
{"level":"error","message":"No se pudo ejecutar: TypeError: Cannot read properties of undefined (reading 'collection')"}
{"level":"error","message":"No se pudo ejecutar: TypeError: Cannot read properties of undefined (reading 'collection')"}
{"level":"error","message":"No se pudo ejecutar: TypeError: Cannot read properties of undefined (reading 'collection')"}
{"level":"error","message":"No se pudo ejecutar: TypeError: Cannot read properties of undefined (reading 'collection')"}
{"level":"error","message":"No se pudo ejecutar: TypeError: Cannot read properties of undefined (reading 'collection')"}
{"level":"error","message":"No se pudo ejecutar: TypeError: Cannot read properties of undefined (reading 'collection')"}
{"level":"error","message":"No se pudo ejecutar: TypeError: Cannot read properties of undefined (reading 'collection')"}
{"level":"error","message":"No se pudo ejecutar: TypeError: Cannot read properties of undefined (reading 'collection')"}
{"level":"error","message":"No se pudo ejecutar: TypeError: Cannot read properties of undefined (reading 'collection')"}
{"level":"error","message":"No se pudo ejecutar: TypeError: Cannot read properties of undefined (reading 'collection')"}
{"level":"error","message":"No se pudo ejecutar: TypeError: Cannot read properties of undefined (reading 'collection')"}
{"level":"error","message":"No se pudo ejecutar: TypeError: Cannot read properties of undefined (reading 'collection')"}
{"level":"error","message":"No se pudo ejecutar: TypeError: Cannot read properties of undefined (reading 'collection')"}
{"level":"error","message":"No se pudo ejecutar: TypeError: Cannot read properties of undefined (reading 'collection')"}
{"level":"error","message":"No se pudo ejecutar: TypeError: Cannot read properties of undefined (reading 'collection')"}
{"level":"error","message":"No se pudo ejecutar: TypeError: Cannot read properties of undefined (reading 'collection')"}
{"level":"error","message":"No se pudo ejecutar: TypeError: Cannot read properties of undefined (reading 'collection')"}
{"level":"error","message":"No se pudo ejecutar: TypeError: Cannot read properties of undefined (reading 'collection')"}
{"level":"error","message":"No se pudo ejecutar: TypeError: Cannot read properties of undefined (reading 'collection')"}
{"level":"error","message":"No se pudo ejecutar: TypeError: Cannot read properties of undefined (reading 'collection')"}
{"level":"error","message":"No se pudo ejecutar: TypeError: Cannot read properties of undefined (reading 'collection')"}
{"level":"error","message":"No se pudo ejecutar: TypeError: Cannot read properties of undefined (reading 'collection')"}
{"level":"error","message":"No se pudo ejecutar: TypeError: Cannot read properties of undefined (reading 'collection')"}
{"level":"error","message":"No se pudo ejecutar: TypeError: Cannot read properties of undefined (reading 'collection')"}
{"level":"error","message":"No se pudo ejecutar: TypeError: Cannot read properties of undefined (reading 'collection')"}
{"level":"error","message":"No se pudo ejecutar: TypeError: Cannot read properties of undefined (reading 'collection')"}
{"level":"error","message":"No se pudo ejecutar: TypeError: Cannot read properties of undefined (reading 'collection')"}
{"level":"error","message":"No se pudo ejecutar: TypeError: Cannot read properties of undefined (reading 'collection')"}
{"level":"error","message":"No se pudo ejecutar: TypeError: Cannot read properties of undefined (reading 'collection')"}
{"level":"error","message":"No se pudo ejecutar: TypeError: Cannot read properties of undefined (reading 'collection')"}
{"level":"error","message":"No se pudo ejecutar: TypeError: Cannot read properties of undefined (reading 'collection')"}
{"level":"error","message":"No se pudo ejecutar: TypeError: Cannot read properties of undefined (reading 'collection')"}
{"level":"error","message":"No se pudo ejecutar: TypeError: Cannot read properties of undefined (reading 'collection')"}
{"level":"error","message":"No se pudo ejecutar: TypeError: Cannot read properties of undefined (reading 'collection')"}
{"level":"error","message":"No se pudo ejecutar: TypeError: Cannot read properties of undefined (reading 'collection')"}
{"level":"error","message":"No se pudo ejecutar: TypeError: Cannot read properties of undefined (reading 'collection')"}
{"level":"error","message":"No se pudo ejecutar: TypeError: Cannot read properties of undefined (reading 'collection')"}
{"level":"error","message":"No se pudo ejecutar: TypeError: Cannot read properties of undefined (reading 'collection')"}
{"level":"error","message":"No se pudo ejecutar: TypeError: Cannot read properties of undefined (reading 'collection')"}
{"level":"error","message":"No se pudo ejecutar: TypeError: Cannot read properties of undefined (reading 'collection')"}
{"level":"error","message":"No se pudo ejecutar: TypeError: Cannot read properties of undefined (reading 'collection')"}
{"level":"error","message":"No se pudo ejecutar: TypeError: Cannot read properties of undefined (reading 'collection')"}
{"level":"error","message":"No se pudo ejecutar: TypeError: Cannot read properties of undefined (reading 'collection')"}
{"level":"error","message":"No se pudo ejecutar: TypeError: Cannot read properties of undefined (reading 'collection')"}
{"level":"error","message":"No se pudo ejecutar: TypeError: Cannot read properties of undefined (reading 'collection')"}
{"level":"error","message":"No se pudo ejecutar: TypeError: Cannot read properties of undefined (reading 'collection')"}
{"level":"error","message":"No se pudo ejecutar: TypeError: Cannot read properties of undefined (reading 'collection')"}
{"level":"error","message":"No se pudo ejecutar: TypeError: Cannot read properties of undefined (reading 'collection')"}
{"level":"error","message":"No se pudo ejecutar: TypeError: Cannot read properties of undefined (reading 'collection')"}
{"level":"error","message":"No se pudo ejecutar: TypeError: Cannot read properties of undefined (reading 'collection')"}
{"level":"error","message":"No se pudo ejecutar: TypeError: Cannot read properties of undefined (reading 'collection')"}
{"level":"error","message":"No se pudo ejecutar: TypeError: Cannot read properties of undefined (reading 'collection')"}
{"level":"error","message":"No se pudo ejecutar: TypeError: Cannot read properties of undefined (reading 'collection')"}
{"level":"error","message":"No se pudo ejecutar: TypeError: Cannot read properties of undefined (reading 'collection')"}
{"level":"error","message":"No se pudo ejecutar: TypeError: Cannot read properties of undefined (reading 'collection')"}
{"level":"error","message":"No se pudo ejecutar: TypeError: Cannot read properties of undefined (reading 'collection')"}
{"level":"error","message":"No se pudo ejecutar: TypeError: Cannot read properties of undefined (reading 'collection')"}
{"level":"error","message":"No se pudo ejecutar: TypeError: Cannot read properties of undefined (reading 'collection')"}
{"level":"error","message":"No se pudo ejecutar: TypeError: Cannot read properties of undefined (reading 'collection')"}
{"level":"error","message":"No se pudo ejecutar: TypeError: Cannot read properties of undefined (reading 'collection')"}
{"level":"error","message":"No se pudo ejecutar: TypeError: Cannot read properties of undefined (reading 'collection')"}
{"level":"error","message":"No se pudo ejecutar: TypeError: Cannot read properties of undefined (reading 'collection')"}
{"level":"error","message":"No se pudo ejecutar: TypeError: Cannot read properties of undefined (reading 'collection')"}
{"level":"error","message":"No se pudo ejecutar: TypeError: Cannot read properties of undefined (reading 'collection')"}
{"level":"error","message":"No se pudo ejecutar: TypeError: Cannot read properties of undefined (reading 'collection')"}
{"level":"error","message":"No se pudo ejecutar: TypeError: Cannot read properties of undefined (reading 'collection')"}
{"level":"error","message":"No se pudo ejecutar: TypeError: Cannot read properties of undefined (reading 'collection')"}
{"level":"error","message":"No se pudo ejecutar: TypeError: Cannot read properties of undefined (reading 'collection')"}
{"level":"error","message":"No se pudo ejecutar: TypeError: Cannot read properties of undefined (reading 'collection')"}
{"level":"error","message":"No se pudo ejecutar: TypeError: Cannot read properties of undefined (reading 'collection')"}
{"level":"error","message":"No se pudo ejecutar: TypeError: Cannot read properties of undefined (reading 'collection')"}
{"level":"error","message":"No se pudo ejecutar: TypeError: Cannot read properties of undefined (reading 'collection')"}
{"level":"error","message":"No se pudo ejecutar: TypeError: Cannot read properties of undefined (reading 'collection')"}
{"level":"error","message":"No se pudo ejecutar: TypeError: Cannot read properties of undefined (reading 'collection')"}
{"level":"error","message":"No se pudo ejecutar: TypeError: Cannot read properties of undefined (reading 'collection')"}
{"level":"error","message":"No se pudo ejecutar: TypeError: Cannot read properties of undefined (reading 'collection')"}
{"level":"error","message":"No se pudo ejecutar: TypeError: Cannot read properties of undefined (reading 'collection')"}
{"level":"error","message":"No se pudo ejecutar: TypeError: Cannot read properties of undefined (reading 'collection')"}
{"level":"error","message":"No se pudo ejecutar: TypeError: Cannot read properties of undefined (reading 'collection')"}
{"level":"error","message":"No se pudo ejecutar: TypeError: Cannot read properties of undefined (reading 'collection')"}
{"level":"error","message":"No se pudo ejecutar: TypeError: Cannot read properties of undefined (reading 'collection')"}
{"level":"error","message":"No se pudo ejecutar: TypeError: Cannot read properties of undefined (reading 'collection')"}
{"level":"error","message":"No se pudo ejecutar: TypeError: Cannot read properties of undefined (reading 'collection')"}
{"level":"error","message":"No se pudo ejecutar: TypeError: Cannot read properties of undefined (reading 'collection')"}
{"level":"error","message":"No se pudo ejecutar: TypeError: Cannot read properties of undefined (reading 'collection')"}
{"level":"error","message":"No se pudo ejecutar: TypeError: Cannot read properties of undefined (reading 'collection')"}
{"level":"error","message":"No se pudo ejecutar: TypeError: Cannot read properties of undefined (reading 'collection')"}
{"level":"error","message":"No se pudo ejecutar: TypeError: Cannot read properties of undefined (reading 'collection')"}
{"level":"error","message":"No se pudo ejecutar: TypeError: Cannot read properties of undefined (reading 'collection')"}
{"level":"error","message":"No se pudo ejecutar: TypeError: Cannot read properties of undefined (reading 'collection')"}
{"level":"error","message":"No se pudo ejecutar: TypeError: Cannot read properties of undefined (reading 'collection')"}
{"level":"error","message":"No se pudo ejecutar: TypeError: Cannot read properties of undefined (reading 'collection')"}
{"level":"error","message":"No se pudo ejecutar: TypeError: Cannot read properties of undefined (reading 'collection')"}
{"level":"error","message":"No se pudo ejecutar: TypeError: Cannot read properties of undefined (reading 'collection')"}
{"level":"error","message":"No se pudo ejecutar: TypeError: Cannot read properties of undefined (reading 'collection')"}
{"level":"error","message":"No se pudo ejecutar: TypeError: Cannot read properties of undefined (reading 'collection')"}
{"level":"error","message":"No se pudo ejecutar: TypeError: Cannot read properties of undefined (reading 'collection')"}
{"level":"error","message":"No se pudo ejecutar: TypeError: Cannot read properties of undefined (reading 'collection')"}
{"level":"error","message":"No se pudo ejecutar: TypeError: Cannot read properties of undefined (reading 'collection')"}
{"level":"error","message":"No se pudo ejecutar: TypeError: Cannot read properties of undefined (reading 'collection')"}
{"level":"error","message":"No se pudo ejecutar: TypeError: Cannot read properties of undefined (reading 'collection')"}
{"level":"error","message":"No se pudo ejecutar: TypeError: Cannot read properties of undefined (reading 'collection')"}
{"level":"error","message":"No se pudo ejecutar: TypeError: Cannot read properties of undefined (reading 'collection')"}
{"level":"error","message":"No se pudo ejecutar: TypeError: Cannot read properties of undefined (reading 'collection')"}
{"level":"error","message":"No se pudo ejecutar: TypeError: Cannot read properties of undefined (reading 'collection')"}
{"level":"error","message":"No se pudo ejecutar: TypeError: Cannot read properties of undefined (reading 'collection')"}
{"level":"error","message":"No se pudo ejecutar: TypeError: Cannot read properties of undefined (reading 'collection')"}
{"level":"error","message":"No se pudo ejecutar: TypeError: Cannot read properties of undefined (reading 'collection')"}
{"level":"error","message":"No se pudo ejecutar: TypeError: Cannot read properties of undefined (reading 'collection')"}
{"level":"error","message":"No se pudo ejecutar: TypeError: Cannot read properties of undefined (reading 'collection')"}
{"level":"error","message":"No se pudo ejecutar: TypeError: Cannot read properties of undefined (reading 'collection')"}
{"level":"error","message":"No se pudo ejecutar: TypeError: Cannot read properties of undefined (reading 'collection')"}
{"level":"error","message":"No se pudo ejecutar: TypeError: Cannot read properties of undefined (reading 'collection')"}
{"level":"error","message":"No se pudo ejecutar: TypeError: Cannot read properties of undefined (reading 'collection')"}
{"level":"error","message":"No se pudo ejecutar: TypeError: Cannot read properties of undefined (reading 'collection')"}
{"level":"error","message":"No se pudo ejecutar: TypeError: Cannot read properties of undefined (reading 'collection')"}
{"level":"error","message":"No se pudo ejecutar: TypeError: Cannot read properties of undefined (reading 'collection')"}
{"level":"error","message":"No se pudo ejecutar: TypeError: Cannot read properties of undefined (reading 'collection')"}
{"level":"error","message":"No se pudo ejecutar: TypeError: Cannot read properties of undefined (reading 'collection')"}
{"level":"error","message":"No se pudo ejecutar: TypeError: Cannot read properties of undefined (reading 'collection')"}
{"level":"error","message":"No se pudo ejecutar: TypeError: Cannot read properties of undefined (reading 'collection')"}
{"level":"error","message":"No se pudo ejecutar: TypeError: Cannot read properties of undefined (reading 'collection')"}
{"level":"error","message":"No se pudo ejecutar: TypeError: Cannot read properties of undefined (reading 'collection')"}
{"level":"error","message":"No se pudo ejecutar: TypeError: Cannot read properties of undefined (reading 'collection')"}
{"level":"error","message":"No se pudo ejecutar: TypeError: Cannot read properties of undefined (reading 'collection')"}
{"level":"error","message":"No se pudo ejecutar: TypeError: Cannot read properties of undefined (reading 'collection')"}
{"level":"error","message":"No se pudo ejecutar: TypeError: Cannot read properties of undefined (reading 'collection')"}
{"level":"error","message":"No se pudo ejecutar: TypeError: Cannot read properties of undefined (reading 'collection')"}
{"level":"error","message":"No se pudo ejecutar: TypeError: Cannot read properties of undefined (reading 'collection')"}
{"level":"error","message":"No se pudo ejecutar: TypeError: Cannot read properties of undefined (reading 'collection')"}
{"level":"error","message":"No se pudo ejecutar: TypeError: Cannot read properties of undefined (reading 'collection')"}
{"level":"error","message":"No se pudo ejecutar: TypeError: Cannot read properties of undefined (reading 'collection')"}
{"level":"error","message":"No se pudo ejecutar: TypeError: Cannot read properties of undefined (reading 'collection')"}
{"level":"error","message":"No se pudo ejecutar: TypeError: Cannot read properties of undefined (reading 'collection')"}
{"level":"error","message":"No se pudo ejecutar: TypeError: Cannot read properties of undefined (reading 'collection')"}
{"level":"error","message":"No se pudo ejecutar: TypeError: Cannot read properties of undefined (reading 'collection')"}
{"level":"error","message":"No se pudo ejecutar: TypeError: Cannot read properties of undefined (reading 'collection')"}
{"level":"error","message":"No se pudo ejecutar: TypeError: Cannot read properties of undefined (reading 'collection')"}
{"level":"error","message":"No se pudo ejecutar: TypeError: Cannot read properties of undefined (reading 'collection')"}
{"level":"error","message":"No se pudo ejecutar: TypeError: Cannot read properties of undefined (reading 'collection')"}
{"level":"error","message":"No se pudo ejecutar: TypeError: Cannot read properties of undefined (reading 'collection')"}
{"level":"error","message":"No se pudo ejecutar: TypeError: Cannot read properties of undefined (reading 'collection')"}
{"level":"error","message":"No se pudo ejecutar: TypeError: Cannot read properties of undefined (reading 'collection')"}
{"level":"error","message":"No se pudo ejecutar: TypeError: Cannot read properties of undefined (reading 'collection')"}
{"level":"error","message":"No se pudo ejecutar: TypeError: Cannot read properties of undefined (reading 'collection')"}
{"level":"error","message":"No se pudo ejecutar: TypeError: Cannot read properties of undefined (reading 'collection')"}
{"level":"error","message":"No se pudo ejecutar: TypeError: Cannot read properties of undefined (reading 'collection')"}
{"level":"error","message":"No se pudo ejecutar: TypeError: Cannot read properties of undefined (reading 'collection')"}
{"level":"error","message":"No se pudo ejecutar: TypeError: Cannot read properties of undefined (reading 'collection')"}
{"level":"error","message":"No se pudo ejecutar: TypeError: Cannot read properties of undefined (reading 'collection')"}
{"level":"error","message":"No se pudo ejecutar: TypeError: Cannot read properties of undefined (reading 'collection')"}
{"level":"error","message":"No se pudo ejecutar: TypeError: Cannot read properties of undefined (reading 'collection')"}
{"level":"error","message":"No se pudo ejecutar: TypeError: Cannot read properties of undefined (reading 'collection')"}
{"level":"error","message":"No se pudo ejecutar: TypeError: Cannot read properties of undefined (reading 'collection')"}
{"level":"error","message":"No se pudo ejecutar: TypeError: Cannot read properties of undefined (reading 'collection')"}
{"level":"error","message":"No se pudo ejecutar: TypeError: Cannot read properties of undefined (reading 'collection')"}
{"level":"error","message":"No se pudo ejecutar: TypeError: Cannot read properties of undefined (reading 'collection')"}
{"level":"error","message":"No se pudo ejecutar: TypeError: Cannot read properties of undefined (reading 'collection')"}
{"level":"error","message":"No se pudo ejecutar: TypeError: Cannot read properties of undefined (reading 'collection')"}
{"level":"error","message":"No se pudo ejecutar: TypeError: Cannot read properties of undefined (reading 'collection')"}
{"level":"error","message":"No se pudo ejecutar: TypeError: Cannot read properties of undefined (reading 'collection')"}
{"level":"error","message":"No se pudo ejecutar: TypeError: Cannot read properties of undefined (reading 'collection')"}
{"level":"error","message":"MongooseError: Operation `users.findOne()` buffering timed out after 10000ms\n    at Timeout.<anonymous> (C:\\Users\\u632496\\coderhouse\\node\\node\\entregable_testeo\\node_modules\\mongoose\\lib\\drivers\\node-mongodb-native\\collection.js:151:23)\n    at listOnTimeout (node:internal/timers:564:17)\n    at process.processTimers (node:internal/timers:507:7)"}
{"level":"error","message":"MongooseError: Operation `users.findOne()` buffering timed out after 10000ms\n    at Timeout.<anonymous> (C:\\Users\\u632496\\coderhouse\\node\\node\\entregable_testeo\\node_modules\\mongoose\\lib\\drivers\\node-mongodb-native\\collection.js:151:23)\n    at listOnTimeout (node:internal/timers:564:17)\n    at process.processTimers (node:internal/timers:507:7)"}
{"level":"error","message":"No se pudo ejecutar: TypeError: Cannot read properties of undefined (reading 'collection')"}
{"level":"error","message":"No se pudo ejecutar: TypeError: Cannot read properties of undefined (reading 'collection')"}
{"level":"error","message":"No se pudo ejecutar: TypeError: Cannot read properties of undefined (reading 'collection')"}
{"level":"error","message":"No se pudo ejecutar: TypeError: Cannot read properties of undefined (reading 'collection')"}
{"level":"error","message":"No se pudo ejecutar: TypeError: Cannot read properties of undefined (reading 'collection')"}
{"level":"error","message":"No se pudo ejecutar: Cannot read properties of undefined (reading 'id')"}
{"level":"error","message":"No se pudo ejecutar: TypeError: Cannot read properties of undefined (reading 'collection')"}
{"level":"error","message":"No se pudo ejecutar: TypeError: Cannot read properties of undefined (reading 'collection')"}
{"level":"error","message":"No se pudo ejecutar: TypeError: Cannot read properties of undefined (reading 'collection')"}
{"level":"error","message":"No se pudo ejecutar: TypeError: Cannot read properties of undefined (reading 'collection')"}
{"level":"error","message":"No se pudo ejecutar: TypeError: Cannot read properties of undefined (reading 'collection')"}
{"level":"error","message":"No se pudo ejecutar: TypeError: Cannot read properties of undefined (reading 'collection')"}
{"level":"error","message":"No se pudo ejecutar: TypeError: Cannot read properties of undefined (reading 'collection')"}
{"level":"error","message":"No se pudo ejecutar: TypeError: Cannot read properties of undefined (reading 'collection')"}
{"level":"error","message":"No se pudo ejecutar: TypeError: Cannot read properties of undefined (reading 'collection')"}
{"level":"error","message":"No se pudo ejecutar: TypeError: Cannot read properties of undefined (reading 'collection')"}
{"level":"error","message":"No se pudo ejecutar: TypeError: Cannot read properties of undefined (reading 'collection')"}
{"level":"error","message":"No se pudo ejecutar: TypeError: Cannot read properties of undefined (reading 'collection')"}
{"level":"error","message":"No se pudo ejecutar: TypeError: Cannot read properties of undefined (reading 'collection')"}
{"level":"error","message":"No se pudo ejecutar: TypeError: Cannot read properties of undefined (reading 'collection')"}
{"level":"error","message":"No se pudo ejecutar: TypeError: Cannot read properties of undefined (reading 'collection')"}
{"level":"error","message":"No se pudo ejecutar: TypeError: Cannot read properties of undefined (reading 'collection')"}
{"level":"error","message":"No se pudo ejecutar: TypeError: Cannot read properties of undefined (reading 'collection')"}
{"level":"error","message":"No se pudo ejecutar: TypeError: Cannot read properties of undefined (reading 'collection')"}
{"level":"error","message":"SyntaxError: Unexpected token i in JSON at position 9\n    at JSON.parse (<anonymous>)\n    at parse (C:\\Users\\u632496\\coderhouse\\node\\node\\entregable_testeo\\node_modules\\body-parser\\lib\\types\\json.js:89:19)\n    at C:\\Users\\u632496\\coderhouse\\node\\node\\entregable_testeo\\node_modules\\body-parser\\lib\\read.js:128:18\n    at AsyncResource.runInAsyncScope (node:async_hooks:202:9)\n    at invokeCallback (C:\\Users\\u632496\\coderhouse\\node\\node\\entregable_testeo\\node_modules\\raw-body\\index.js:231:16)\n    at done (C:\\Users\\u632496\\coderhouse\\node\\node\\entregable_testeo\\node_modules\\raw-body\\index.js:220:7)\n    at IncomingMessage.onEnd (C:\\Users\\u632496\\coderhouse\\node\\node\\entregable_testeo\\node_modules\\raw-body\\index.js:280:7)\n    at IncomingMessage.emit (node:events:527:28)\n    at endReadableNT (node:internal/streams/readable:1344:12)\n    at process.processTicksAndRejections (node:internal/process/task_queues:82:21)"}
